TN:
SF:/Users/lennox/dev/RockerSeat/GoStack/aulas/05-gobarber-mobile/src/components/Button/index.tsx
FN:10,(anonymous_0)
FNF:1
FNH:1
FNDA:1,(anonymous_0)
DA:10,1
DA:11,1
LF:2
LH:2
BRF:0
BRH:0
end_of_record
TN:
SF:/Users/lennox/dev/RockerSeat/GoStack/aulas/05-gobarber-mobile/src/components/Input/index.tsx
FN:28,(anonymous_0)
FN:40,(anonymous_1)
FN:44,(anonymous_2)
FN:49,(anonymous_3)
FN:50,(anonymous_4)
FN:55,(anonymous_5)
FN:60,(anonymous_6)
FN:64,(anonymous_7)
FN:89,(anonymous_8)
FNF:9
FNH:3
FNDA:2,(anonymous_0)
FNDA:0,(anonymous_1)
FNDA:0,(anonymous_2)
FNDA:1,(anonymous_3)
FNDA:0,(anonymous_4)
FNDA:2,(anonymous_5)
FNDA:0,(anonymous_6)
FNDA:0,(anonymous_7)
FNDA:0,(anonymous_8)
DA:28,1
DA:32,2
DA:34,2
DA:35,2
DA:37,2
DA:38,2
DA:40,2
DA:41,0
DA:44,2
DA:45,0
DA:46,0
DA:49,2
DA:51,0
DA:55,2
DA:56,2
DA:61,0
DA:62,0
DA:65,0
DA:66,0
DA:71,2
DA:90,0
LF:21
LH:12
BRDA:29,0,0,2
BRDA:34,1,0,2
BRDA:80,2,0,0
BRDA:80,2,1,2
BRDA:80,3,0,2
BRDA:80,3,1,2
BRF:6
BRH:5
end_of_record
TN:
SF:/Users/lennox/dev/RockerSeat/GoStack/aulas/05-gobarber-mobile/src/hooks/auth.tsx
FN:38,(anonymous_0)
FN:42,(anonymous_1)
FN:43,loadStorageData
FN:60,(anonymous_3)
FN:75,(anonymous_4)
FN:81,(anonymous_5)
FN:101,(anonymous_6)
FNF:7
FNH:1
FNDA:0,(anonymous_0)
FNDA:0,(anonymous_1)
FNDA:0,loadStorageData
FNDA:0,(anonymous_3)
FNDA:0,(anonymous_4)
FNDA:0,(anonymous_5)
FNDA:1,(anonymous_6)
DA:36,1
DA:38,1
DA:39,0
DA:40,0
DA:42,0
DA:44,0
DA:49,0
DA:50,0
DA:51,0
DA:54,0
DA:57,0
DA:60,0
DA:61,0
DA:63,0
DA:65,0
DA:70,0
DA:72,0
DA:75,0
DA:76,0
DA:77,0
DA:80,0
DA:82,0
DA:84,0
DA:92,0
DA:101,1
DA:102,1
DA:104,1
DA:105,0
DA:108,1
LF:29
LH:6
BRDA:49,0,0,0
BRDA:49,0,1,0
BRDA:49,1,0,0
BRDA:49,1,1,0
BRDA:104,2,0,0
BRDA:104,2,1,1
BRF:6
BRH:1
end_of_record
TN:
SF:/Users/lennox/dev/RockerSeat/GoStack/aulas/05-gobarber-mobile/src/pages/AppointmentCreated/index.tsx
FN:19,(anonymous_0)
FN:25,(anonymous_1)
FN:33,(anonymous_2)
FNF:3
FNH:0
FNDA:0,(anonymous_0)
FNDA:0,(anonymous_1)
FNDA:0,(anonymous_2)
DA:19,0
DA:20,0
DA:21,0
DA:23,0
DA:25,0
DA:26,0
DA:33,0
DA:34,0
DA:40,0
LF:9
LH:0
BRF:0
BRH:0
end_of_record
TN:
SF:/Users/lennox/dev/RockerSeat/GoStack/aulas/05-gobarber-mobile/src/pages/CreateAppointment/index.tsx
FN:46,(anonymous_0)
FN:61,(anonymous_1)
FN:62,(anonymous_2)
FN:67,(anonymous_3)
FN:76,(anonymous_4)
FN:81,(anonymous_5)
FN:85,(anonymous_6)
FN:89,(anonymous_7)
FN:90,(anonymous_8)
FN:94,(anonymous_9)
FN:106,(anonymous_10)
FN:108,(anonymous_11)
FN:109,(anonymous_12)
FN:118,(anonymous_13)
FN:120,(anonymous_14)
FN:121,(anonymous_15)
FN:130,(anonymous_16)
FN:134,(anonymous_17)
FN:172,(anonymous_18)
FN:173,(anonymous_19)
FN:175,(anonymous_20)
FN:210,(anonymous_21)
FN:214,(anonymous_22)
FN:233,(anonymous_23)
FN:237,(anonymous_24)
FNF:25
FNH:0
FNDA:0,(anonymous_0)
FNDA:0,(anonymous_1)
FNDA:0,(anonymous_2)
FNDA:0,(anonymous_3)
FNDA:0,(anonymous_4)
FNDA:0,(anonymous_5)
FNDA:0,(anonymous_6)
FNDA:0,(anonymous_7)
FNDA:0,(anonymous_8)
FNDA:0,(anonymous_9)
FNDA:0,(anonymous_10)
FNDA:0,(anonymous_11)
FNDA:0,(anonymous_12)
FNDA:0,(anonymous_13)
FNDA:0,(anonymous_14)
FNDA:0,(anonymous_15)
FNDA:0,(anonymous_16)
FNDA:0,(anonymous_17)
FNDA:0,(anonymous_18)
FNDA:0,(anonymous_19)
FNDA:0,(anonymous_20)
FNDA:0,(anonymous_21)
FNDA:0,(anonymous_22)
FNDA:0,(anonymous_23)
FNDA:0,(anonymous_24)
DA:46,0
DA:47,0
DA:48,0
DA:49,0
DA:50,0
DA:52,0
DA:53,0
DA:54,0
DA:55,0
DA:56,0
DA:57,0
DA:61,0
DA:62,0
DA:63,0
DA:67,0
DA:68,0
DA:77,0
DA:81,0
DA:82,0
DA:85,0
DA:86,0
DA:89,0
DA:90,0
DA:93,0
DA:95,0
DA:96,0
DA:99,0
DA:100,0
DA:106,0
DA:107,0
DA:108,0
DA:110,0
DA:118,0
DA:119,0
DA:120,0
DA:122,0
DA:130,0
DA:131,0
DA:134,0
DA:135,0
DA:136,0
DA:138,0
DA:139,0
DA:141,0
DA:146,0
DA:148,0
DA:155,0
DA:172,0
DA:174,0
DA:175,0
DA:211,0
DA:214,0
DA:234,0
DA:237,0
LF:54
LH:0
BRDA:95,0,0,0
BRDA:95,0,1,0
BRDA:99,1,0,0
BRDA:99,1,1,0
BRDA:193,2,0,0
BRDA:193,2,1,0
BRF:6
BRH:0
end_of_record
TN:
SF:/Users/lennox/dev/RockerSeat/GoStack/aulas/05-gobarber-mobile/src/pages/Dashboard/index.tsx
FN:31,(anonymous_0)
FN:37,(anonymous_1)
FN:38,(anonymous_2)
FN:43,(anonymous_3)
FN:48,(anonymous_4)
FN:69,(anonymous_5)
FN:73,(anonymous_6)
FN:75,(anonymous_7)
FNF:8
FNH:0
FNDA:0,(anonymous_0)
FNDA:0,(anonymous_1)
FNDA:0,(anonymous_2)
FNDA:0,(anonymous_3)
FNDA:0,(anonymous_4)
FNDA:0,(anonymous_5)
FNDA:0,(anonymous_6)
FNDA:0,(anonymous_7)
DA:31,0
DA:32,0
DA:34,0
DA:35,0
DA:37,0
DA:38,0
DA:39,0
DA:43,0
DA:44,0
DA:47,0
DA:49,0
DA:54,0
DA:69,0
DA:74,0
DA:76,0
LF:15
LH:0
BRF:0
BRH:0
end_of_record
TN:
SF:/Users/lennox/dev/RockerSeat/GoStack/aulas/05-gobarber-mobile/src/pages/Profile/index.tsx
FN:41,(anonymous_0)
FN:52,(anonymous_1)
FN:63,(anonymous_2)
FN:69,(anonymous_3)
FN:124,(anonymous_4)
FN:132,(anonymous_5)
FN:149,(anonymous_6)
FN:156,(anonymous_7)
FN:194,(anonymous_8)
FN:207,(anonymous_9)
FN:220,(anonymous_10)
FN:232,(anonymous_11)
FN:244,(anonymous_12)
FN:250,(anonymous_13)
FNF:14
FNH:0
FNDA:0,(anonymous_0)
FNDA:0,(anonymous_1)
FNDA:0,(anonymous_2)
FNDA:0,(anonymous_3)
FNDA:0,(anonymous_4)
FNDA:0,(anonymous_5)
FNDA:0,(anonymous_6)
FNDA:0,(anonymous_7)
FNDA:0,(anonymous_8)
FNDA:0,(anonymous_9)
FNDA:0,(anonymous_10)
FNDA:0,(anonymous_11)
FNDA:0,(anonymous_12)
FNDA:0,(anonymous_13)
DA:41,0
DA:42,0
DA:43,0
DA:44,0
DA:46,0
DA:47,0
DA:48,0
DA:49,0
DA:51,0
DA:53,0
DA:54,0
DA:56,0
DA:63,0
DA:69,0
DA:76,0
DA:86,0
DA:88,0
DA:98,0
DA:100,0
DA:102,0
DA:104,0
DA:106,0
DA:107,0
DA:108,0
DA:110,0
DA:112,0
DA:115,0
DA:124,0
DA:125,0
DA:133,0
DA:134,0
DA:136,0
DA:137,0
DA:138,0
DA:141,0
DA:143,0
DA:149,0
DA:150,0
DA:156,0
DA:157,0
DA:160,0
DA:195,0
DA:208,0
DA:221,0
DA:233,0
DA:245,0
DA:251,0
LF:47
LH:0
BRDA:91,0,0,0
BRDA:91,0,1,0
BRDA:107,1,0,0
BRDA:107,1,1,0
BRDA:133,2,0,0
BRDA:133,2,1,0
BRDA:136,3,0,0
BRDA:136,3,1,0
BRDA:164,4,0,0
BRDA:164,4,1,0
BRF:10
BRH:0
end_of_record
TN:
SF:/Users/lennox/dev/RockerSeat/GoStack/aulas/05-gobarber-mobile/src/pages/SignIn/index.tsx
FN:41,(anonymous_0)
FN:49,(anonymous_1)
FN:119,(anonymous_2)
FN:130,(anonymous_3)
FN:135,(anonymous_4)
FN:142,(anonymous_5)
FN:148,(anonymous_6)
FNF:7
FNH:1
FNDA:1,(anonymous_0)
FNDA:0,(anonymous_1)
FNDA:0,(anonymous_2)
FNDA:0,(anonymous_3)
FNDA:0,(anonymous_4)
FNDA:0,(anonymous_5)
FNDA:0,(anonymous_6)
DA:41,1
DA:42,1
DA:43,1
DA:44,1
DA:46,1
DA:48,1
DA:50,0
DA:51,0
DA:53,0
DA:60,0
DA:64,0
DA:71,0
DA:72,0
DA:73,0
DA:75,0
DA:77,0
DA:80,0
DA:89,1
DA:120,0
DA:131,0
DA:136,0
DA:148,0
LF:22
LH:7
BRDA:72,0,0,0
BRDA:72,0,1,0
BRDA:93,1,0,1
BRDA:93,1,1,0
BRF:4
BRH:1
end_of_record
TN:
SF:/Users/lennox/dev/RockerSeat/GoStack/aulas/05-gobarber-mobile/src/pages/SignUp/index.tsx
FN:34,(anonymous_0)
FN:42,(anonymous_1)
FN:112,(anonymous_2)
FN:125,(anonymous_3)
FN:137,(anonymous_4)
FN:143,(anonymous_5)
FN:153,(anonymous_6)
FNF:7
FNH:0
FNDA:0,(anonymous_0)
FNDA:0,(anonymous_1)
FNDA:0,(anonymous_2)
FNDA:0,(anonymous_3)
FNDA:0,(anonymous_4)
FNDA:0,(anonymous_5)
FNDA:0,(anonymous_6)
DA:34,0
DA:35,0
DA:36,0
DA:38,0
DA:39,0
DA:41,0
DA:43,0
DA:44,0
DA:46,0
DA:54,0
DA:58,0
DA:60,0
DA:65,0
DA:67,0
DA:68,0
DA:69,0
DA:71,0
DA:73,0
DA:76,0
DA:85,0
DA:113,0
DA:126,0
DA:138,0
DA:144,0
DA:153,0
LF:25
LH:0
BRDA:68,0,0,0
BRDA:68,0,1,0
BRDA:89,1,0,0
BRDA:89,1,1,0
BRF:4
BRH:0
end_of_record
